<?xml version="1.0" encoding="UTF-8"?>
<!-- Generated by org.testng.reporters.JUnitReportReporter -->
<testsuite skipped="0" hostname="DESKTOP-3T9SL8K" name="org.login.BaseClass" tests="1" failures="0" timestamp="2021-05-18T18:22:49 EDT" time="0.002" errors="0">
  <testcase name="testDemo" time="0.002" classname="org.login.BaseClass"/>
  <system-out/>
</testsuite> <!-- org.login.BaseClass -->
