<?xml version="1.0" encoding="UTF-8"?>
<!-- Generated by org.testng.reporters.JUnitReportReporter -->
<testsuite skipped="0" hostname="DESKTOP-3T9SL8K" name="swaglabs.runner.MyRunner" tests="1" failures="0" timestamp="2021-05-19T21:39:40 EDT" time="13.736" errors="0">
  <testcase name="feature" time="13.736" classname="swaglabs.runner.MyRunner"/>
  <system-out/>
</testsuite> <!-- swaglabs.runner.MyRunner -->
